[1118/161227.799:ERROR:directory_reader_win.cc(43)] FindFirstFile: Системе не удается найти указанный путь. (0x3)
[1120/211348.682:ERROR:directory_reader_win.cc(43)] FindFirstFile: Системе не удается найти указанный путь. (0x3)
[1121/213452.199:ERROR:process_memory_win.cc(73)] ReadMemory at 0x7ff7dff10000 of 64 bytes failed: Запрос ReadProcessMemory или WriteProcessMemory был выполнен только частично. (0x12B)
[1121/213452.342:WARNING:pe_image_reader.cc(340)] could not read dos header from C:\Program Files (x86)\Google\Chrome\Application\chrome.exe
[1121/213452.350:ERROR:process_memory_win.cc(73)] ReadMemory at 0x7ffced1f0000 of 64 bytes failed: Запрос ReadProcessMemory или WriteProcessMemory был выполнен только частично. (0x12B)
[1121/213452.351:WARNING:pe_image_reader.cc(340)] could not read dos header from C:\WINDOWS\SYSTEM32\ntdll.dll
[1121/213452.351:ERROR:process_memory_win.cc(73)] ReadMemory at 0x7ffceb630000 of 64 bytes failed: Запрос ReadProcessMemory или WriteProcessMemory был выполнен только частично. (0x12B)
[1121/213452.351:WARNING:pe_image_reader.cc(340)] could not read dos header from C:\WINDOWS\System32\KERNEL32.DLL
[1121/213452.351:ERROR:process_memory_win.cc(73)] ReadMemory at 0x7ffceac90000 of 64 bytes failed: Запрос ReadProcessMemory или WriteProcessMemory был выполнен только частично. (0x12B)
[1121/213452.351:WARNING:pe_image_reader.cc(340)] could not read dos header from C:\WINDOWS\System32\KERNELBASE.dll
[1121/213452.351:ERROR:process_memory_win.cc(73)] ReadMemory at 0x7ffcb9a40000 of 64 bytes failed: Запрос ReadProcessMemory или WriteProcessMemory был выполнен только частично. (0x12B)
[1121/213452.351:WARNING:pe_image_reader.cc(340)] could not read dos header from C:\Program Files (x86)\Google\Chrome\Application\86.0.4240.198\chrome_elf.dll
[1121/213452.351:ERROR:process_memory_win.cc(73)] ReadMemory at 0x7ffcdcf80000 of 64 bytes failed: Запрос ReadProcessMemory или WriteProcessMemory был выполнен только частично. (0x12B)
[1121/213452.351:WARNING:pe_image_reader.cc(340)] could not read dos header from C:\WINDOWS\SYSTEM32\VERSION.dll
[1121/213452.351:ERROR:process_memory_win.cc(73)] ReadMemory at 0x7ffcec860000 of 64 bytes failed: Запрос ReadProcessMemory или WriteProcessMemory был выполнен только частично. (0x12B)
[1121/213452.351:WARNING:pe_image_reader.cc(340)] could not read dos header from C:\WINDOWS\System32\msvcrt.dll
[1121/213452.351:ERROR:process_memory_win.cc(73)] ReadMemory at 0x7ffcecd50000 of 64 bytes failed: Запрос ReadProcessMemory или WriteProcessMemory был выполнен только частично. (0x12B)
[1121/213452.351:WARNING:pe_image_reader.cc(340)] could not read dos header from C:\WINDOWS\System32\ADVAPI32.dll
[1121/213452.351:ERROR:process_memory_win.cc(73)] ReadMemory at 0x7ffceb3d0000 of 64 bytes failed: Запрос ReadProcessMemory или WriteProcessMemory был выполнен только частично. (0x12B)
[1121/213452.351:WARNING:pe_image_reader.cc(340)] could not read dos header from C:\WINDOWS\System32\sechost.dll
[1121/213452.351:ERROR:process_memory_win.cc(73)] ReadMemory at 0x7ffceb470000 of 64 bytes failed: Запрос ReadProcessMemory или WriteProcessMemory был выполнен только частично. (0x12B)
[1121/213452.351:WARNING:pe_image_reader.cc(340)] could not read dos header from C:\WINDOWS\System32\RPCRT4.dll
[1121/213452.351:ERROR:process_memory_win.cc(73)] ReadMemory at 0x7ffc9d820000 of 64 bytes failed: Запрос ReadProcessMemory или WriteProcessMemory был выполнен только частично. (0x12B)
[1121/213452.351:WARNING:pe_image_reader.cc(340)] could not read dos header from C:\Program Files (x86)\Google\Chrome\Application\86.0.4240.198\chrome.dll
[1121/213452.351:ERROR:process_memory_win.cc(73)] ReadMemory at 0x7ffcec6e0000 of 64 bytes failed: Запрос ReadProcessMemory или WriteProcessMemory был выполнен только частично. (0x12B)
[1121/213452.351:WARNING:pe_image_reader.cc(340)] could not read dos header from C:\WINDOWS\System32\WS2_32.dll
[1121/213452.351:ERROR:process_memory_win.cc(73)] ReadMemory at 0x7ffcecc80000 of 64 bytes failed: Запрос ReadProcessMemory или WriteProcessMemory был выполнен только частично. (0x12B)
[1121/213452.351:WARNING:pe_image_reader.cc(340)] could not read dos header from C:\WINDOWS\System32\OLEAUT32.dll
[1121/213452.351:ERROR:process_memory_win.cc(73)] ReadMemory at 0x7ffceb180000 of 64 bytes failed: Запрос ReadProcessMemory или WriteProcessMemory был выполнен только частично. (0x12B)
[1121/213452.351:WARNING:pe_image_reader.cc(340)] could not read dos header from C:\WINDOWS\System32\msvcp_win.dll
[1121/213452.351:ERROR:process_memory_win.cc(73)] ReadMemory at 0x7ffcea980000 of 64 bytes failed: Запрос ReadProcessMemory или WriteProcessMemory был выполнен только частично. (0x12B)
[1121/213452.351:WARNING:pe_image_reader.cc(340)] could not read dos header from C:\WINDOWS\System32\ucrtbase.dll
[1121/213452.351:ERROR:process_memory_win.cc(73)] ReadMemory at 0x7ffcece00000 of 64 bytes failed: Запрос ReadProcessMemory или WriteProcessMemory был выполнен только частично. (0x12B)
[1121/213452.351:WARNING:pe_image_reader.cc(340)] could not read dos header from C:\WINDOWS\System32\combase.dll
[1121/213452.351:ERROR:process_memory_win.cc(73)] ReadMemory at 0x7ffceb120000 of 64 bytes failed: Запрос ReadProcessMemory или WriteProcessMemory был выполнен только частично. (0x12B)
[1121/213452.351:WARNING:pe_image_reader.cc(340)] could not read dos header from C:\WINDOWS\System32\WINTRUST.dll
[1121/213452.351:ERROR:process_memory_win.cc(73)] ReadMemory at 0x7ffceaab0000 of 64 bytes failed: Запрос ReadProcessMemory или WriteProcessMemory был выполнен только частично. (0x12B)
[1121/213452.351:WARNING:pe_image_reader.cc(340)] could not read dos header from C:\WINDOWS\System32\CRYPT32.dll
[1121/213452.351:ERROR:process_memory_win.cc(73)] ReadMemory at 0x7ffce8ef0000 of 64 bytes failed: Запрос ReadProcessMemory или WriteProcessMemory был выполнен только частично. (0x12B)
[1121/213452.351:WARNING:pe_image_reader.cc(340)] could not read dos header from C:\WINDOWS\SYSTEM32\dbghelp.dll
[1121/213452.351:ERROR:process_memory_win.cc(73)] ReadMemory at 0x7ffce9d10000 of 64 bytes failed: Запрос ReadProcessMemory или WriteProcessMemory был выполнен только частично. (0x12B)
[1121/213452.351:WARNING:pe_image_reader.cc(340)] could not read dos header from C:\WINDOWS\SYSTEM32\IPHLPAPI.DLL
[1121/213452.351:ERROR:process_memory_win.cc(73)] ReadMemory at 0x7ffcdc850000 of 64 bytes failed: Запрос ReadProcessMemory или WriteProcessMemory был выполнен только частично. (0x12B)
[1121/213452.351:WARNING:pe_image_reader.cc(340)] could not read dos header from C:\WINDOWS\SYSTEM32\WINMM.dll
[1121/213452.351:ERROR:process_memory_win.cc(73)] ReadMemory at 0x7ffcc7840000 of 64 bytes failed: Запрос ReadProcessMemory или WriteProcessMemory был выполнен только частично. (0x12B)
[1121/213452.351:WARNING:pe_image_reader.cc(340)] could not read dos header from C:\WINDOWS\SYSTEM32\UIAutomationCore.DLL
[1121/213452.351:ERROR:process_memory_win.cc(73)] ReadMemory at 0x7ffcc91d0000 of 64 bytes failed: Запрос ReadProcessMemory или WriteProcessMemory был выполнен только частично. (0x12B)
[1121/213452.351:WARNING:pe_image_reader.cc(340)] could not read dos header from C:\WINDOWS\SYSTEM32\Secur32.dll
[1121/213452.351:ERROR:process_memory_win.cc(73)] ReadMemory at 0x7ffcea7b0000 of 64 bytes failed: Запрос ReadProcessMemory или WriteProcessMemory был выполнен только частично. (0x12B)
[1121/213452.351:WARNING:pe_image_reader.cc(340)] could not read dos header from C:\WINDOWS\SYSTEM32\USERENV.dll
[1121/213452.351:ERROR:process_memory_win.cc(73)] ReadMemory at 0x7ffcd84d0000 of 64 bytes failed: Запрос ReadProcessMemory или WriteProcessMemory был выполнен только частично. (0x12B)
[1121/213452.351:WARNING:pe_image_reader.cc(340)] could not read dos header from C:\WINDOWS\SYSTEM32\DWrite.dll
[1121/213452.351:ERROR:process_memory_win.cc(73)] ReadMemory at 0x7ffcda290000 of 64 bytes failed: Запрос ReadProcessMemory или WriteProcessMemory был выполнен только частично. (0x12B)
[1121/213452.351:WARNING:pe_image_reader.cc(340)] could not read dos header from C:\WINDOWS\SYSTEM32\WINSPOOL.DRV
[1121/213452.351:ERROR:process_memory_win.cc(73)] ReadMemory at 0x7ffcdc750000 of 64 bytes failed: Запрос ReadProcessMemory или WriteProcessMemory был выполнен только частично. (0x12B)
[1121/213452.351:WARNING:pe_image_reader.cc(340)] could not read dos header from C:\WINDOWS\SYSTEM32\WINHTTP.dll
[1121/213452.351:ERROR:process_memory_win.cc(73)] ReadMemory at 0x7ffce29e0000 of 64 bytes failed: Запрос ReadProcessMemory или WriteProcessMemory был выполнен только частично. (0x12B)
[1121/213452.351:WARNING:pe_image_reader.cc(340)] could not read dos header from C:\WINDOWS\SYSTEM32\dhcpcsvc.DLL
[1121/213452.351:ERROR:process_memory_win.cc(73)] ReadMemory at 0x7ffce7830000 of 64 bytes failed: Запрос ReadProcessMemory или WriteProcessMemory был выполнен только частично. (0x12B)
[1121/213452.351:WARNING:pe_image_reader.cc(340)] could not read dos header from C:\WINDOWS\SYSTEM32\PROPSYS.dll
[1121/213452.351:ERROR:process_memory_win.cc(73)] ReadMemory at 0x7ffcea7e0000 of 64 bytes failed: Запрос ReadProcessMemory или WriteProcessMemory был выполнен только частично. (0x12B)
[1121/213452.351:WARNING:pe_image_reader.cc(340)] could not read dos header from C:\WINDOWS\SYSTEM32\SSPICLI.DLL
[1121/213452.351:ERROR:process_memory_win.cc(73)] ReadMemory at 0x7ffcea480000 of 64 bytes failed: Запрос ReadProcessMemory или WriteProcessMemory был выполнен только частично. (0x12B)
[1121/213452.351:WARNING:pe_image_reader.cc(340)] could not read dos header from C:\WINDOWS\System32\MSASN1.dll
[1121/213452.351:ERROR:process_memory_win.cc(73)] ReadMemory at 0x7ffceac10000 of 64 bytes failed: Запрос ReadProcessMemory или WriteProcessMemory был выполнен только частично. (0x12B)
[1121/213452.351:WARNING:pe_image_reader.cc(340)] could not read dos header from C:\WINDOWS\System32\bcryptPrimitives.dll
[1121/213452.351:ERROR:process_memory_win.cc(73)] ReadMemory at 0x7ffcea390000 of 64 bytes failed: Запрос ReadProcessMemory или WriteProcessMemory был выполнен только частично. (0x12B)
[1121/213452.351:WARNING:pe_image_reader.cc(340)] could not read dos header from C:\WINDOWS\SYSTEM32\CRYPTBASE.DLL
[1121/213452.435:ERROR:process_memory_win.cc(73)] ReadMemory at 0x7ff7dff10000 of 64 bytes failed: Запрос ReadProcessMemory или WriteProcessMemory был выполнен только частично. (0x12B)
[1121/213452.435:WARNING:pe_image_reader.cc(340)] could not read dos header from C:\Program Files (x86)\Google\Chrome\Application\chrome.exe
[1121/213452.435:ERROR:process_memory_win.cc(73)] ReadMemory at 0x7ffced1f0000 of 64 bytes failed: Запрос ReadProcessMemory или WriteProcessMemory был выполнен только частично. (0x12B)
[1121/213452.435:WARNING:pe_image_reader.cc(340)] could not read dos header from C:\WINDOWS\SYSTEM32\ntdll.dll
[1121/213452.435:ERROR:process_memory_win.cc(73)] ReadMemory at 0x7ffceb630000 of 64 bytes failed: Запрос ReadProcessMemory или WriteProcessMemory был выполнен только частично. (0x12B)
[1121/213452.435:WARNING:pe_image_reader.cc(340)] could not read dos header from C:\WINDOWS\System32\KERNEL32.DLL
[1121/213452.435:ERROR:process_memory_win.cc(73)] ReadMemory at 0x7ffceac90000 of 64 bytes failed: Запрос ReadProcessMemory или WriteProcessMemory был выполнен только частично. (0x12B)
[1121/213452.435:WARNING:pe_image_reader.cc(340)] could not read dos header from C:\WINDOWS\System32\KERNELBASE.dll
[1121/213452.435:ERROR:process_memory_win.cc(73)] ReadMemory at 0x7ffcb9a40000 of 64 bytes failed: Запрос ReadProcessMemory или WriteProcessMemory был выполнен только частично. (0x12B)
[1121/213452.435:WARNING:pe_image_reader.cc(340)] could not read dos header from C:\Program Files (x86)\Google\Chrome\Application\86.0.4240.198\chrome_elf.dll
[1121/213452.435:ERROR:process_memory_win.cc(73)] ReadMemory at 0x7ffcdcf80000 of 64 bytes failed: Запрос ReadProcessMemory или WriteProcessMemory был выполнен только частично. (0x12B)
[1121/213452.435:WARNING:pe_image_reader.cc(340)] could not read dos header from C:\WINDOWS\SYSTEM32\VERSION.dll
[1121/213452.435:ERROR:process_memory_win.cc(73)] ReadMemory at 0x7ffcec860000 of 64 bytes failed: Запрос ReadProcessMemory или WriteProcessMemory был выполнен только частично. (0x12B)
[1121/213452.435:WARNING:pe_image_reader.cc(340)] could not read dos header from C:\WINDOWS\System32\msvcrt.dll
[1121/213452.435:ERROR:process_memory_win.cc(73)] ReadMemory at 0x7ffcecd50000 of 64 bytes failed: Запрос ReadProcessMemory или WriteProcessMemory был выполнен только частично. (0x12B)
[1121/213452.435:WARNING:pe_image_reader.cc(340)] could not read dos header from C:\WINDOWS\System32\ADVAPI32.dll
[1121/213452.435:ERROR:process_memory_win.cc(73)] ReadMemory at 0x7ffceb3d0000 of 64 bytes failed: Запрос ReadProcessMemory или WriteProcessMemory был выполнен только частично. (0x12B)
[1121/213452.435:WARNING:pe_image_reader.cc(340)] could not read dos header from C:\WINDOWS\System32\sechost.dll
[1121/213452.435:ERROR:process_memory_win.cc(73)] ReadMemory at 0x7ffceb470000 of 64 bytes failed: Запрос ReadProcessMemory или WriteProcessMemory был выполнен только частично. (0x12B)
[1121/213452.435:WARNING:pe_image_reader.cc(340)] could not read dos header from C:\WINDOWS\System32\RPCRT4.dll
[1121/213452.435:ERROR:process_memory_win.cc(73)] ReadMemory at 0x7ffc9d820000 of 64 bytes failed: Запрос ReadProcessMemory или WriteProcessMemory был выполнен только частично. (0x12B)
[1121/213452.435:WARNING:pe_image_reader.cc(340)] could not read dos header from C:\Program Files (x86)\Google\Chrome\Application\86.0.4240.198\chrome.dll
[1121/213452.435:ERROR:process_memory_win.cc(73)] ReadMemory at 0x7ffcec6e0000 of 64 bytes failed: Запрос ReadProcessMemory или WriteProcessMemory был выполнен только частично. (0x12B)
[1121/213452.435:WARNING:pe_image_reader.cc(340)] could not read dos header from C:\WINDOWS\System32\WS2_32.dll
[1121/213452.435:ERROR:process_memory_win.cc(73)] ReadMemory at 0x7ffcecc80000 of 64 bytes failed: Запрос ReadProcessMemory или WriteProcessMemory был выполнен только частично. (0x12B)
[1121/213452.435:WARNING:pe_image_reader.cc(340)] could not read dos header from C:\WINDOWS\System32\OLEAUT32.dll
[1121/213452.435:ERROR:process_memory_win.cc(73)] ReadMemory at 0x7ffceb180000 of 64 bytes failed: Запрос ReadProcessMemory или WriteProcessMemory был выполнен только частично. (0x12B)
[1121/213452.435:WARNING:pe_image_reader.cc(340)] could not read dos header from C:\WINDOWS\System32\msvcp_win.dll
[1121/213452.435:ERROR:process_memory_win.cc(73)] ReadMemory at 0x7ffcea980000 of 64 bytes failed: Запрос ReadProcessMemory или WriteProcessMemory был выполнен только частично. (0x12B)
[1121/213452.435:WARNING:pe_image_reader.cc(340)] could not read dos header from C:\WINDOWS\System32\ucrtbase.dll
[1121/213452.435:ERROR:process_memory_win.cc(73)] ReadMemory at 0x7ffcece00000 of 64 bytes failed: Запрос ReadProcessMemory или WriteProcessMemory был выполнен только частично. (0x12B)
[1121/213452.435:WARNING:pe_image_reader.cc(340)] could not read dos header from C:\WINDOWS\System32\combase.dll
[1121/213452.435:ERROR:process_memory_win.cc(73)] ReadMemory at 0x7ffceb120000 of 64 bytes failed: Запрос ReadProcessMemory или WriteProcessMemory был выполнен только частично. (0x12B)
[1121/213452.435:WARNING:pe_image_reader.cc(340)] could not read dos header from C:\WINDOWS\System32\WINTRUST.dll
[1121/213452.435:ERROR:process_memory_win.cc(73)] ReadMemory at 0x7ffceaab0000 of 64 bytes failed: Запрос ReadProcessMemory или WriteProcessMemory был выполнен только частично. (0x12B)
[1121/213452.435:WARNING:pe_image_reader.cc(340)] could not read dos header from C:\WINDOWS\System32\CRYPT32.dll
[1121/213452.435:ERROR:process_memory_win.cc(73)] ReadMemory at 0x7ffce8ef0000 of 64 bytes failed: Запрос ReadProcessMemory или WriteProcessMemory был выполнен только частично. (0x12B)
[1121/213452.435:WARNING:pe_image_reader.cc(340)] could not read dos header from C:\WINDOWS\SYSTEM32\dbghelp.dll
[1121/213452.435:ERROR:process_memory_win.cc(73)] ReadMemory at 0x7ffce9d10000 of 64 bytes failed: Запрос ReadProcessMemory или WriteProcessMemory был выполнен только частично. (0x12B)
[1121/213452.435:WARNING:pe_image_reader.cc(340)] could not read dos header from C:\WINDOWS\SYSTEM32\IPHLPAPI.DLL
[1121/213452.435:ERROR:process_memory_win.cc(73)] ReadMemory at 0x7ffcdc850000 of 64 bytes failed: Запрос ReadProcessMemory или WriteProcessMemory был выполнен только частично. (0x12B)
[1121/213452.435:WARNING:pe_image_reader.cc(340)] could not read dos header from C:\WINDOWS\SYSTEM32\WINMM.dll
[1121/213452.435:ERROR:process_memory_win.cc(73)] ReadMemory at 0x7ffcc7840000 of 64 bytes failed: Запрос ReadProcessMemory или WriteProcessMemory был выполнен только частично. (0x12B)
[1121/213452.435:WARNING:pe_image_reader.cc(340)] could not read dos header from C:\WINDOWS\SYSTEM32\UIAutomationCore.DLL
[1121/213452.435:ERROR:process_memory_win.cc(73)] ReadMemory at 0x7ffcc91d0000 of 64 bytes failed: Запрос ReadProcessMemory или WriteProcessMemory был выполнен только частично. (0x12B)
[1121/213452.435:WARNING:pe_image_reader.cc(340)] could not read dos header from C:\WINDOWS\SYSTEM32\Secur32.dll
[1121/213452.435:ERROR:process_memory_win.cc(73)] ReadMemory at 0x7ffcea7b0000 of 64 bytes failed: Запрос ReadProcessMemory или WriteProcessMemory был выполнен только частично. (0x12B)
[1121/213452.435:WARNING:pe_image_reader.cc(340)] could not read dos header from C:\WINDOWS\SYSTEM32\USERENV.dll
[1121/213452.435:ERROR:process_memory_win.cc(73)] ReadMemory at 0x7ffcd84d0000 of 64 bytes failed: Запрос ReadProcessMemory или WriteProcessMemory был выполнен только частично. (0x12B)
[1121/213452.435:WARNING:pe_image_reader.cc(340)] could not read dos header from C:\WINDOWS\SYSTEM32\DWrite.dll
[1121/213452.435:ERROR:process_memory_win.cc(73)] ReadMemory at 0x7ffcda290000 of 64 bytes failed: Запрос ReadProcessMemory или WriteProcessMemory был выполнен только частично. (0x12B)
[1121/213452.435:WARNING:pe_image_reader.cc(340)] could not read dos header from C:\WINDOWS\SYSTEM32\WINSPOOL.DRV
[1121/213452.435:ERROR:process_memory_win.cc(73)] ReadMemory at 0x7ffcdc750000 of 64 bytes failed: Запрос ReadProcessMemory или WriteProcessMemory был выполнен только частично. (0x12B)
[1121/213452.435:WARNING:pe_image_reader.cc(340)] could not read dos header from C:\WINDOWS\SYSTEM32\WINHTTP.dll
[1121/213452.435:ERROR:process_memory_win.cc(73)] ReadMemory at 0x7ffce29e0000 of 64 bytes failed: Запрос ReadProcessMemory или WriteProcessMemory был выполнен только частично. (0x12B)
[1121/213452.435:WARNING:pe_image_reader.cc(340)] could not read dos header from C:\WINDOWS\SYSTEM32\dhcpcsvc.DLL
[1121/213452.435:ERROR:process_memory_win.cc(73)] ReadMemory at 0x7ffce7830000 of 64 bytes failed: Запрос ReadProcessMemory или WriteProcessMemory был выполнен только частично. (0x12B)
[1121/213452.435:WARNING:pe_image_reader.cc(340)] could not read dos header from C:\WINDOWS\SYSTEM32\PROPSYS.dll
[1121/213452.435:ERROR:process_memory_win.cc(73)] ReadMemory at 0x7ffcea7e0000 of 64 bytes failed: Запрос ReadProcessMemory или WriteProcessMemory был выполнен только частично. (0x12B)
[1121/213452.435:WARNING:pe_image_reader.cc(340)] could not read dos header from C:\WINDOWS\SYSTEM32\SSPICLI.DLL
[1121/213452.435:ERROR:process_memory_win.cc(73)] ReadMemory at 0x7ffcea480000 of 64 bytes failed: Запрос ReadProcessMemory или WriteProcessMemory был выполнен только частично. (0x12B)
[1121/213452.435:WARNING:pe_image_reader.cc(340)] could not read dos header from C:\WINDOWS\System32\MSASN1.dll
[1121/213452.435:ERROR:process_memory_win.cc(73)] ReadMemory at 0x7ffceac10000 of 64 bytes failed: Запрос ReadProcessMemory или WriteProcessMemory был выполнен только частично. (0x12B)
[1121/213452.435:WARNING:pe_image_reader.cc(340)] could not read dos header from C:\WINDOWS\System32\bcryptPrimitives.dll
[1121/213452.435:ERROR:process_memory_win.cc(73)] ReadMemory at 0x7ffcea390000 of 64 bytes failed: Запрос ReadProcessMemory или WriteProcessMemory был выполнен только частично. (0x12B)
[1121/213452.435:WARNING:pe_image_reader.cc(340)] could not read dos header from C:\WINDOWS\SYSTEM32\CRYPTBASE.DLL
[1121/213452.435:ERROR:process_memory_win.cc(73)] ReadMemory at 0x7ff7dff10000 of 64 bytes failed: Запрос ReadProcessMemory или WriteProcessMemory был выполнен только частично. (0x12B)
[1121/213452.435:WARNING:pe_image_reader.cc(340)] could not read dos header from C:\Program Files (x86)\Google\Chrome\Application\chrome.exe
[1121/213452.435:ERROR:process_memory_win.cc(73)] ReadMemory at 0x7ffced1f0000 of 64 bytes failed: Запрос ReadProcessMemory или WriteProcessMemory был выполнен только частично. (0x12B)
[1121/213452.435:WARNING:pe_image_reader.cc(340)] could not read dos header from C:\WINDOWS\SYSTEM32\ntdll.dll
[1121/213452.435:ERROR:process_memory_win.cc(73)] ReadMemory at 0x7ffceb630000 of 64 bytes failed: Запрос ReadProcessMemory или WriteProcessMemory был выполнен только частично. (0x12B)
[1121/213452.435:WARNING:pe_image_reader.cc(340)] could not read dos header from C:\WINDOWS\System32\KERNEL32.DLL
[1121/213452.435:ERROR:process_memory_win.cc(73)] ReadMemory at 0x7ffceac90000 of 64 bytes failed: Запрос ReadProcessMemory или WriteProcessMemory был выполнен только частично. (0x12B)
[1121/213452.435:WARNING:pe_image_reader.cc(340)] could not read dos header from C:\WINDOWS\System32\KERNELBASE.dll
[1121/213452.435:ERROR:process_memory_win.cc(73)] ReadMemory at 0x7ffcb9a40000 of 64 bytes failed: Запрос ReadProcessMemory или WriteProcessMemory был выполнен только частично. (0x12B)
[1121/213452.435:WARNING:pe_image_reader.cc(340)] could not read dos header from C:\Program Files (x86)\Google\Chrome\Application\86.0.4240.198\chrome_elf.dll
[1121/213452.435:ERROR:process_memory_win.cc(73)] ReadMemory at 0x7ffcdcf80000 of 64 bytes failed: Запрос ReadProcessMemory или WriteProcessMemory был выполнен только частично. (0x12B)
[1121/213452.435:WARNING:pe_image_reader.cc(340)] could not read dos header from C:\WINDOWS\SYSTEM32\VERSION.dll
[1121/213452.435:ERROR:process_memory_win.cc(73)] ReadMemory at 0x7ffcec860000 of 64 bytes failed: Запрос ReadProcessMemory или WriteProcessMemory был выполнен только частично. (0x12B)
[1121/213452.435:WARNING:pe_image_reader.cc(340)] could not read dos header from C:\WINDOWS\System32\msvcrt.dll
[1121/213452.435:ERROR:process_memory_win.cc(73)] ReadMemory at 0x7ffcecd50000 of 64 bytes failed: Запрос ReadProcessMemory или WriteProcessMemory был выполнен только частично. (0x12B)
[1121/213452.435:WARNING:pe_image_reader.cc(340)] could not read dos header from C:\WINDOWS\System32\ADVAPI32.dll
[1121/213452.435:ERROR:process_memory_win.cc(73)] ReadMemory at 0x7ffceb3d0000 of 64 bytes failed: Запрос ReadProcessMemory или WriteProcessMemory был выполнен только частично. (0x12B)
[1121/213452.435:WARNING:pe_image_reader.cc(340)] could not read dos header from C:\WINDOWS\System32\sechost.dll
[1121/213452.435:ERROR:process_memory_win.cc(73)] ReadMemory at 0x7ffceb470000 of 64 bytes failed: Запрос ReadProcessMemory или WriteProcessMemory был выполнен только частично. (0x12B)
[1121/213452.435:WARNING:pe_image_reader.cc(340)] could not read dos header from C:\WINDOWS\System32\RPCRT4.dll
[1121/213452.435:ERROR:process_memory_win.cc(73)] ReadMemory at 0x7ffc9d820000 of 64 bytes failed: Запрос ReadProcessMemory или WriteProcessMemory был выполнен только частично. (0x12B)
[1121/213452.435:WARNING:pe_image_reader.cc(340)] could not read dos header from C:\Program Files (x86)\Google\Chrome\Application\86.0.4240.198\chrome.dll
[1121/213452.435:ERROR:process_memory_win.cc(73)] ReadMemory at 0x7ffcec6e0000 of 64 bytes failed: Запрос ReadProcessMemory или WriteProcessMemory был выполнен только частично. (0x12B)
[1121/213452.435:WARNING:pe_image_reader.cc(340)] could not read dos header from C:\WINDOWS\System32\WS2_32.dll
[1121/213452.435:ERROR:process_memory_win.cc(73)] ReadMemory at 0x7ffcecc80000 of 64 bytes failed: Запрос ReadProcessMemory или WriteProcessMemory был выполнен только частично. (0x12B)
[1121/213452.435:WARNING:pe_image_reader.cc(340)] could not read dos header from C:\WINDOWS\System32\OLEAUT32.dll
[1121/213452.435:ERROR:process_memory_win.cc(73)] ReadMemory at 0x7ffceb180000 of 64 bytes failed: Запрос ReadProcessMemory или WriteProcessMemory был выполнен только частично. (0x12B)
[1121/213452.435:WARNING:pe_image_reader.cc(340)] could not read dos header from C:\WINDOWS\System32\msvcp_win.dll
[1121/213452.435:ERROR:process_memory_win.cc(73)] ReadMemory at 0x7ffcea980000 of 64 bytes failed: Запрос ReadProcessMemory или WriteProcessMemory был выполнен только частично. (0x12B)
[1121/213452.435:WARNING:pe_image_reader.cc(340)] could not read dos header from C:\WINDOWS\System32\ucrtbase.dll
[1121/213452.435:ERROR:process_memory_win.cc(73)] ReadMemory at 0x7ffcece00000 of 64 bytes failed: Запрос ReadProcessMemory или WriteProcessMemory был выполнен только частично. (0x12B)
[1121/213452.435:WARNING:pe_image_reader.cc(340)] could not read dos header from C:\WINDOWS\System32\combase.dll
[1121/213452.435:ERROR:process_memory_win.cc(73)] ReadMemory at 0x7ffceb120000 of 64 bytes failed: Запрос ReadProcessMemory или WriteProcessMemory был выполнен только частично. (0x12B)
[1121/213452.435:WARNING:pe_image_reader.cc(340)] could not read dos header from C:\WINDOWS\System32\WINTRUST.dll
[1121/213452.435:ERROR:process_memory_win.cc(73)] ReadMemory at 0x7ffceaab0000 of 64 bytes failed: Запрос ReadProcessMemory или WriteProcessMemory был выполнен только частично. (0x12B)
[1121/213452.435:WARNING:pe_image_reader.cc(340)] could not read dos header from C:\WINDOWS\System32\CRYPT32.dll
[1121/213452.435:ERROR:process_memory_win.cc(73)] ReadMemory at 0x7ffce8ef0000 of 64 bytes failed: Запрос ReadProcessMemory или WriteProcessMemory был выполнен только частично. (0x12B)
[1121/213452.435:WARNING:pe_image_reader.cc(340)] could not read dos header from C:\WINDOWS\SYSTEM32\dbghelp.dll
[1121/213452.435:ERROR:process_memory_win.cc(73)] ReadMemory at 0x7ffce9d10000 of 64 bytes failed: Запрос ReadProcessMemory или WriteProcessMemory был выполнен только частично. (0x12B)
[1121/213452.435:WARNING:pe_image_reader.cc(340)] could not read dos header from C:\WINDOWS\SYSTEM32\IPHLPAPI.DLL
[1121/213452.435:ERROR:process_memory_win.cc(73)] ReadMemory at 0x7ffcdc850000 of 64 bytes failed: Запрос ReadProcessMemory или WriteProcessMemory был выполнен только частично. (0x12B)
[1121/213452.435:WARNING:pe_image_reader.cc(340)] could not read dos header from C:\WINDOWS\SYSTEM32\WINMM.dll
[1121/213452.435:ERROR:process_memory_win.cc(73)] ReadMemory at 0x7ffcc7840000 of 64 bytes failed: Запрос ReadProcessMemory или WriteProcessMemory был выполнен только частично. (0x12B)
[1121/213452.435:WARNING:pe_image_reader.cc(340)] could not read dos header from C:\WINDOWS\SYSTEM32\UIAutomationCore.DLL
[1121/213452.435:ERROR:process_memory_win.cc(73)] ReadMemory at 0x7ffcc91d0000 of 64 bytes failed: Запрос ReadProcessMemory или WriteProcessMemory был выполнен только частично. (0x12B)
[1121/213452.435:WARNING:pe_image_reader.cc(340)] could not read dos header from C:\WINDOWS\SYSTEM32\Secur32.dll
[1121/213452.435:ERROR:process_memory_win.cc(73)] ReadMemory at 0x7ffcea7b0000 of 64 bytes failed: Запрос ReadProcessMemory или WriteProcessMemory был выполнен только частично. (0x12B)
[1121/213452.435:WARNING:pe_image_reader.cc(340)] could not read dos header from C:\WINDOWS\SYSTEM32\USERENV.dll
[1121/213452.435:ERROR:process_memory_win.cc(73)] ReadMemory at 0x7ffcd84d0000 of 64 bytes failed: Запрос ReadProcessMemory или WriteProcessMemory был выполнен только частично. (0x12B)
[1121/213452.435:WARNING:pe_image_reader.cc(340)] could not read dos header from C:\WINDOWS\SYSTEM32\DWrite.dll
[1121/213452.435:ERROR:process_memory_win.cc(73)] ReadMemory at 0x7ffcda290000 of 64 bytes failed: Запрос ReadProcessMemory или WriteProcessMemory был выполнен только частично. (0x12B)
[1121/213452.435:WARNING:pe_image_reader.cc(340)] could not read dos header from C:\WINDOWS\SYSTEM32\WINSPOOL.DRV
[1121/213452.435:ERROR:process_memory_win.cc(73)] ReadMemory at 0x7ffcdc750000 of 64 bytes failed: Запрос ReadProcessMemory или WriteProcessMemory был выполнен только частично. (0x12B)
[1121/213452.435:WARNING:pe_image_reader.cc(340)] could not read dos header from C:\WINDOWS\SYSTEM32\WINHTTP.dll
[1121/213452.435:ERROR:process_memory_win.cc(73)] ReadMemory at 0x7ffce29e0000 of 64 bytes failed: Запрос ReadProcessMemory или WriteProcessMemory был выполнен только частично. (0x12B)
[1121/213452.435:WARNING:pe_image_reader.cc(340)] could not read dos header from C:\WINDOWS\SYSTEM32\dhcpcsvc.DLL
[1121/213452.435:ERROR:process_memory_win.cc(73)] ReadMemory at 0x7ffce7830000 of 64 bytes failed: Запрос ReadProcessMemory или WriteProcessMemory был выполнен только частично. (0x12B)
[1121/213452.435:WARNING:pe_image_reader.cc(340)] could not read dos header from C:\WINDOWS\SYSTEM32\PROPSYS.dll
[1121/213452.435:ERROR:process_memory_win.cc(73)] ReadMemory at 0x7ffcea7e0000 of 64 bytes failed: Запрос ReadProcessMemory или WriteProcessMemory был выполнен только частично. (0x12B)
[1121/213452.443:WARNING:pe_image_reader.cc(340)] could not read dos header from C:\WINDOWS\SYSTEM32\SSPICLI.DLL
[1121/213452.443:ERROR:process_memory_win.cc(73)] ReadMemory at 0x7ffcea480000 of 64 bytes failed: Запрос ReadProcessMemory или WriteProcessMemory был выполнен только частично. (0x12B)
[1121/213452.443:WARNING:pe_image_reader.cc(340)] could not read dos header from C:\WINDOWS\System32\MSASN1.dll
[1121/213452.443:ERROR:process_memory_win.cc(73)] ReadMemory at 0x7ffceac10000 of 64 bytes failed: Запрос ReadProcessMemory или WriteProcessMemory был выполнен только частично. (0x12B)
[1121/213452.443:WARNING:pe_image_reader.cc(340)] could not read dos header from C:\WINDOWS\System32\bcryptPrimitives.dll
[1121/213452.443:ERROR:process_memory_win.cc(73)] ReadMemory at 0x7ffcea390000 of 64 bytes failed: Запрос ReadProcessMemory или WriteProcessMemory был выполнен только частично. (0x12B)
[1121/213452.443:WARNING:pe_image_reader.cc(340)] could not read dos header from C:\WINDOWS\SYSTEM32\CRYPTBASE.DLL
[1121/213452.935:ERROR:process_memory_win.cc(73)] ReadMemory at 0xd8a0be6000 of 106496 bytes failed: Запрос ReadProcessMemory или WriteProcessMemory был выполнен только частично. (0x12B)
[1121/213452.935:ERROR:process_memory_win.cc(73)] ReadMemory at 0xd8a13fe000 of 8192 bytes failed: Запрос ReadProcessMemory или WriteProcessMemory был выполнен только частично. (0x12B)
[1121/213452.935:ERROR:process_memory_win.cc(73)] ReadMemory at 0xd8a23fe000 of 8192 bytes failed: Запрос ReadProcessMemory или WriteProcessMemory был выполнен только частично. (0x12B)
[1121/213452.935:ERROR:process_memory_win.cc(73)] ReadMemory at 0xd8a2bfd000 of 12288 bytes failed: Запрос ReadProcessMemory или WriteProcessMemory был выполнен только частично. (0x12B)
[1121/213452.935:ERROR:process_memory_win.cc(73)] ReadMemory at 0xd8a33f5000 of 45056 bytes failed: Запрос ReadProcessMemory или WriteProcessMemory был выполнен только частично. (0x12B)
[1121/213452.935:ERROR:process_memory_win.cc(73)] ReadMemory at 0xd8a3bfe000 of 8192 bytes failed: Запрос ReadProcessMemory или WriteProcessMemory был выполнен только частично. (0x12B)
[1121/213452.935:ERROR:process_memory_win.cc(73)] ReadMemory at 0xd8a43fe000 of 8192 bytes failed: Запрос ReadProcessMemory или WriteProcessMemory был выполнен только частично. (0x12B)
[1121/213452.935:ERROR:process_memory_win.cc(73)] ReadMemory at 0xd8a4bfd000 of 12288 bytes failed: Запрос ReadProcessMemory или WriteProcessMemory был выполнен только частично. (0x12B)
[1121/213452.935:ERROR:process_memory_win.cc(73)] ReadMemory at 0xd8a5bfe000 of 8192 bytes failed: Запрос ReadProcessMemory или WriteProcessMemory был выполнен только частично. (0x12B)
[1121/213452.935:ERROR:process_memory_win.cc(73)] ReadMemory at 0xd8a63fc000 of 16384 bytes failed: Запрос ReadProcessMemory или WriteProcessMemory был выполнен только частично. (0x12B)
[1121/213452.935:ERROR:process_memory_win.cc(73)] ReadMemory at 0xd8a6bfc000 of 16384 bytes failed: Запрос ReadProcessMemory или WriteProcessMemory был выполнен только частично. (0x12B)
[1121/213452.935:ERROR:process_memory_win.cc(73)] ReadMemory at 0xd8a73fe000 of 8192 bytes failed: Запрос ReadProcessMemory или WriteProcessMemory был выполнен только частично. (0x12B)
[1121/213452.935:ERROR:process_memory_win.cc(73)] ReadMemory at 0xd8a8bf1000 of 61440 bytes failed: Запрос ReadProcessMemory или WriteProcessMemory был выполнен только частично. (0x12B)
[1121/213452.935:ERROR:process_memory_win.cc(73)] ReadMemory at 0xd8a93f4000 of 49152 bytes failed: Запрос ReadProcessMemory или WriteProcessMemory был выполнен только частично. (0x12B)
[1121/213452.935:ERROR:process_memory_win.cc(73)] ReadMemory at 0xd8a9bf4000 of 49152 bytes failed: Запрос ReadProcessMemory или WriteProcessMemory был выполнен только частично. (0x12B)
[1121/213452.935:ERROR:process_memory_win.cc(73)] ReadMemory at 0xd8aa3fc000 of 16384 bytes failed: Запрос ReadProcessMemory или WriteProcessMemory был выполнен только частично. (0x12B)
[1121/213452.935:ERROR:process_memory_win.cc(73)] ReadMemory at 0xd8a1bfe000 of 8192 bytes failed: Запрос ReadProcessMemory или WriteProcessMemory был выполнен только частично. (0x12B)
[1121/213452.935:ERROR:process_memory_win.cc(73)] ReadMemory at 0xd8a53f8000 of 32768 bytes failed: Запрос ReadProcessMemory или WriteProcessMemory был выполнен только частично. (0x12B)
[1121/213452.935:ERROR:process_memory_win.cc(73)] ReadMemory at 0xd8a7bfd000 of 12288 bytes failed: Запрос ReadProcessMemory или WriteProcessMemory был выполнен только частично. (0x12B)
[1121/213452.935:ERROR:process_memory_win.cc(73)] ReadMemory at 0xd8a83fe000 of 8192 bytes failed: Запрос ReadProcessMemory или WriteProcessMemory был выполнен только частично. (0x12B)
[1121/213452.935:ERROR:process_memory_win.cc(73)] ReadMemory at 0xd8a036a000 of 852 bytes failed: Запрос ReadProcessMemory или WriteProcessMemory был выполнен только частично. (0x12B)
[1121/213452.935:ERROR:process_memory_win.cc(73)] ReadMemory at 0xd8a036b000 of 6024 bytes failed: Запрос ReadProcessMemory или WriteProcessMemory был выполнен только частично. (0x12B)
[1121/213452.935:ERROR:process_memory_win.cc(73)] ReadMemory at 0xd8a036d000 of 6024 bytes failed: Запрос ReadProcessMemory или WriteProcessMemory был выполнен только частично. (0x12B)
[1121/213452.935:ERROR:process_memory_win.cc(73)] ReadMemory at 0xd8a0371000 of 6024 bytes failed: Запрос ReadProcessMemory или WriteProcessMemory был выполнен только частично. (0x12B)
[1121/213452.935:ERROR:process_memory_win.cc(73)] ReadMemory at 0xd8a0373000 of 6024 bytes failed: Запрос ReadProcessMemory или WriteProcessMemory был выполнен только частично. (0x12B)
[1121/213452.935:ERROR:process_memory_win.cc(73)] ReadMemory at 0xd8a0375000 of 6024 bytes failed: Запрос ReadProcessMemory или WriteProcessMemory был выполнен только частично. (0x12B)
[1121/213452.935:ERROR:process_memory_win.cc(73)] ReadMemory at 0xd8a0377000 of 6024 bytes failed: Запрос ReadProcessMemory или WriteProcessMemory был выполнен только частично. (0x12B)
[1121/213452.935:ERROR:process_memory_win.cc(73)] ReadMemory at 0xd8a0379000 of 6024 bytes failed: Запрос ReadProcessMemory или WriteProcessMemory был выполнен только частично. (0x12B)
[1121/213452.935:ERROR:process_memory_win.cc(73)] ReadMemory at 0xd8a037b000 of 6024 bytes failed: Запрос ReadProcessMemory или WriteProcessMemory был выполнен только частично. (0x12B)
[1121/213452.935:ERROR:process_memory_win.cc(73)] ReadMemory at 0xd8a037f000 of 6024 bytes failed: Запрос ReadProcessMemory или WriteProcessMemory был выполнен только частично. (0x12B)
[1121/213452.935:ERROR:process_memory_win.cc(73)] ReadMemory at 0xd8a0381000 of 6024 bytes failed: Запрос ReadProcessMemory или WriteProcessMemory был выполнен только частично. (0x12B)
[1121/213452.935:ERROR:process_memory_win.cc(73)] ReadMemory at 0xd8a0383000 of 6024 bytes failed: Запрос ReadProcessMemory или WriteProcessMemory был выполнен только частично. (0x12B)
[1121/213452.943:ERROR:process_memory_win.cc(73)] ReadMemory at 0xd8a0385000 of 6024 bytes failed: Запрос ReadProcessMemory или WriteProcessMemory был выполнен только частично. (0x12B)
[1121/213452.943:ERROR:process_memory_win.cc(73)] ReadMemory at 0xd8a038b000 of 6024 bytes failed: Запрос ReadProcessMemory или WriteProcessMemory был выполнен только частично. (0x12B)
[1121/213452.943:ERROR:process_memory_win.cc(73)] ReadMemory at 0xd8a038d000 of 6024 bytes failed: Запрос ReadProcessMemory или WriteProcessMemory был выполнен только частично. (0x12B)
[1121/213452.943:ERROR:process_memory_win.cc(73)] ReadMemory at 0xd8a038f000 of 6024 bytes failed: Запрос ReadProcessMemory или WriteProcessMemory был выполнен только частично. (0x12B)
[1121/213452.943:ERROR:process_memory_win.cc(73)] ReadMemory at 0xd8a0391000 of 6024 bytes failed: Запрос ReadProcessMemory или WriteProcessMemory был выполнен только частично. (0x12B)
[1121/213453.059:ERROR:process_memory_win.cc(73)] ReadMemory at 0xd8a0393000 of 6024 bytes failed: Запрос ReadProcessMemory или WriteProcessMemory был выполнен только частично. (0x12B)
[1121/213453.059:ERROR:process_memory_win.cc(73)] ReadMemory at 0xd8a0395000 of 6024 bytes failed: Запрос ReadProcessMemory или WriteProcessMemory был выполнен только частично. (0x12B)
[1121/213453.059:ERROR:process_memory_win.cc(73)] ReadMemory at 0xd8a0397000 of 6024 bytes failed: Запрос ReadProcessMemory или WriteProcessMemory был выполнен только частично. (0x12B)
[1121/213453.059:ERROR:process_memory_win.cc(73)] ReadMemory at 0xd8a0399000 of 6024 bytes failed: Запрос ReadProcessMemory или WriteProcessMemory был выполнен только частично. (0x12B)
[1121/213453.059:ERROR:process_memory_win.cc(73)] ReadMemory at 0x2ab30ee1a80 of 512 bytes failed: Запрос ReadProcessMemory или WriteProcessMemory был выполнен только частично. (0x12B)
[1121/213453.434:ERROR:process_memory_win.cc(73)] ReadMemory at 0x2ab30f00fe0 of 17722 bytes failed: Запрос ReadProcessMemory или WriteProcessMemory был выполнен только частично. (0x12B)
[1121/213453.434:ERROR:process_memory_win.cc(73)] ReadMemory at 0x2ab30f05530 of 1012 bytes failed: Запрос ReadProcessMemory или WriteProcessMemory был выполнен только частично. (0x12B)
[1121/213453.434:ERROR:process_memory_win.cc(73)] ReadMemory at 0x2ab30f05b78 of 118 bytes failed: Запрос ReadProcessMemory или WriteProcessMemory был выполнен только частично. (0x12B)
[1121/213453.434:ERROR:process_memory_win.cc(73)] ReadMemory at 0x2ab30f05bf0 of 706 bytes failed: Запрос ReadProcessMemory или WriteProcessMemory был выполнен только частично. (0x12B)
[1121/213453.434:ERROR:process_memory_win.cc(73)] ReadMemory at 0x2ab30f05eb4 of 118 bytes failed: Запрос ReadProcessMemory или WriteProcessMemory был выполнен только частично. (0x12B)
[1121/213453.434:ERROR:process_memory_win.cc(73)] ReadMemory at 0x2ab30f05f2c of 96 bytes failed: Запрос ReadProcessMemory или WriteProcessMemory был выполнен только частично. (0x12B)
[1121/213453.434:ERROR:process_memory_win.cc(73)] ReadMemory at 0x2ab30f05fa0 of 58 bytes failed: Запрос ReadProcessMemory или WriteProcessMemory был выполнен только частично. (0x12B)
[1121/213453.434:ERROR:process_memory_win.cc(73)] ReadMemory at 0x2ab30f060a0 of 132 bytes failed: Запрос ReadProcessMemory или WriteProcessMemory был выполнен только частично. (0x12B)
[1121/213453.434:ERROR:process_memory_win.cc(73)] ReadMemory at 0x2ab30f06230 of 132 bytes failed: Запрос ReadProcessMemory или WriteProcessMemory был выполнен только частично. (0x12B)
[1121/213453.434:ERROR:process_memory_win.cc(73)] ReadMemory at 0x2ab30f063f0 of 126 bytes failed: Запрос ReadProcessMemory или WriteProcessMemory был выполнен только частично. (0x12B)
[1121/213453.434:ERROR:process_memory_win.cc(73)] ReadMemory at 0x2ab30f068f0 of 132 bytes failed: Запрос ReadProcessMemory или WriteProcessMemory был выполнен только частично. (0x12B)
[1121/213453.434:ERROR:process_memory_win.cc(73)] ReadMemory at 0x2ab30f06a80 of 64 bytes failed: Запрос ReadProcessMemory или WriteProcessMemory был выполнен только частично. (0x12B)
[1121/213453.434:ERROR:process_memory_win.cc(73)] ReadMemory at 0x2ab30f06c40 of 132 bytes failed: Запрос ReadProcessMemory или WriteProcessMemory был выполнен только частично. (0x12B)
[1121/213453.434:ERROR:process_memory_win.cc(73)] ReadMemory at 0x2ab30f06f00 of 132 bytes failed: Запрос ReadProcessMemory или WriteProcessMemory был выполнен только частично. (0x12B)
[1121/213453.434:ERROR:process_memory_win.cc(73)] ReadMemory at 0x2ab30f07090 of 68 bytes failed: Запрос ReadProcessMemory или WriteProcessMemory был выполнен только частично. (0x12B)
[1121/213453.434:ERROR:process_memory_win.cc(73)] ReadMemory at 0x2ab30f08140 of 132 bytes failed: Запрос ReadProcessMemory или WriteProcessMemory был выполнен только частично. (0x12B)
[1121/213453.434:ERROR:process_memory_win.cc(73)] ReadMemory at 0x2ab30f08270 of 154 bytes failed: Запрос ReadProcessMemory или WriteProcessMemory был выполнен только частично. (0x12B)
[1121/213453.474:ERROR:process_memory_win.cc(73)] ReadMemory at 0x2ab30f09040 of 62 bytes failed: Запрос ReadProcessMemory или WriteProcessMemory был выполнен только частично. (0x12B)
[1121/213453.498:ERROR:process_memory_win.cc(73)] ReadMemory at 0x2ab30f091a0 of 132 bytes failed: Запрос ReadProcessMemory или WriteProcessMemory был выполнен только частично. (0x12B)
[1121/213453.498:ERROR:process_memory_win.cc(73)] ReadMemory at 0x2ab30f09330 of 60 bytes failed: Запрос ReadProcessMemory или WriteProcessMemory был выполнен только частично. (0x12B)
[1121/213453.498:ERROR:process_memory_win.cc(73)] ReadMemory at 0x2ab30f1ac00 of 62 bytes failed: Запрос ReadProcessMemory или WriteProcessMemory был выполнен только частично. (0x12B)
[1121/213453.498:ERROR:process_memory_win.cc(73)] ReadMemory at 0x2ab30f1aca0 of 64 bytes failed: Запрос ReadProcessMemory или WriteProcessMemory был выполнен только частично. (0x12B)
[1121/213453.498:ERROR:process_memory_win.cc(73)] ReadMemory at 0x2ab30f1acf0 of 62 bytes failed: Запрос ReadProcessMemory или WriteProcessMemory был выполнен только частично. (0x12B)
[1121/213453.498:ERROR:process_memory_win.cc(73)] ReadMemory at 0x2ab30f1ad90 of 62 bytes failed: Запрос ReadProcessMemory или WriteProcessMemory был выполнен только частично. (0x12B)
[1121/213453.498:ERROR:process_memory_win.cc(73)] ReadMemory at 0x2ab30f1ade0 of 58 bytes failed: Запрос ReadProcessMemory или WriteProcessMemory был выполнен только частично. (0x12B)
[1121/213453.498:ERROR:process_memory_win.cc(73)] ReadMemory at 0x2ab30f1ae80 of 62 bytes failed: Запрос ReadProcessMemory или WriteProcessMemory был выполнен только частично. (0x12B)
[1121/213453.498:ERROR:process_memory_win.cc(73)] ReadMemory at 0x2ab30f1b010 of 60 bytes failed: Запрос ReadProcessMemory или WriteProcessMemory был выполнен только частично. (0x12B)
[1121/213453.498:ERROR:process_memory_win.cc(73)] ReadMemory at 0x2ab30f1b0b0 of 66 bytes failed: Запрос ReadProcessMemory или WriteProcessMemory был выполнен только частично. (0x12B)
[1121/213453.570:ERROR:process_memory_win.cc(73)] ReadMemory at 0x2ab30f1b100 of 62 bytes failed: Запрос ReadProcessMemory или WriteProcessMemory был выполнен только частично. (0x12B)
[1121/213453.570:ERROR:process_memory_win.cc(73)] ReadMemory at 0x2ab30f1b1a0 of 64 bytes failed: Запрос ReadProcessMemory или WriteProcessMemory был выполнен только частично. (0x12B)
[1121/213453.570:ERROR:process_memory_win.cc(73)] ReadMemory at 0x2ab30f1b1f0 of 62 bytes failed: Запрос ReadProcessMemory или WriteProcessMemory был выполнен только частично. (0x12B)
[1121/213453.597:ERROR:process_memory_win.cc(73)] ReadMemory at 0x2ab30f1b240 of 62 bytes failed: Запрос ReadProcessMemory или WriteProcessMemory был выполнен только частично. (0x12B)
[1121/213453.597:ERROR:process_memory_win.cc(73)] ReadMemory at 0x2ab30f1b290 of 60 bytes failed: Запрос ReadProcessMemory или WriteProcessMemory был выполнен только частично. (0x12B)
[1121/213453.597:ERROR:process_memory_win.cc(73)] ReadMemory at 0x2ab30f1b3d0 of 60 bytes failed: Запрос ReadProcessMemory или WriteProcessMemory был выполнен только частично. (0x12B)
[1121/213453.622:ERROR:process_memory_win.cc(73)] ReadMemory at 0x2ab30f1b560 of 62 bytes failed: Запрос ReadProcessMemory или WriteProcessMemory был выполнен только частично. (0x12B)
[1121/213453.622:ERROR:process_memory_win.cc(73)] ReadMemory at 0x2ab30f1b6a0 of 64 bytes failed: Запрос ReadProcessMemory или WriteProcessMemory был выполнен только частично. (0x12B)
[1121/213453.643:ERROR:process_memory_win.cc(73)] ReadMemory at 0x2ab30f1b6f0 of 62 bytes failed: Запрос ReadProcessMemory или WriteProcessMemory был выполнен только частично. (0x12B)
[1121/213453.643:ERROR:process_memory_win.cc(73)] ReadMemory at 0x2ab30f1b740 of 64 bytes failed: Запрос ReadProcessMemory или WriteProcessMemory был выполнен только частично. (0x12B)
[1121/213453.643:ERROR:process_memory_win.cc(73)] ReadMemory at 0x2ab30f1b7e0 of 64 bytes failed: Запрос ReadProcessMemory или WriteProcessMemory был выполнен только частично. (0x12B)
[1121/213453.643:ERROR:process_memory_win.cc(73)] ReadMemory at 0x2ab30f1b830 of 64 bytes failed: Запрос ReadProcessMemory или WriteProcessMemory был выполнен только частично. (0x12B)
[1121/213453.643:ERROR:process_memory_win.cc(73)] ReadMemory at 0x2ab30f1ba60 of 64 bytes failed: Запрос ReadProcessMemory или WriteProcessMemory был выполнен только частично. (0x12B)
[1121/213453.643:ERROR:process_memory_win.cc(73)] ReadMemory at 0x2ab30f1d130 of 132 bytes failed: Запрос ReadProcessMemory или WriteProcessMemory был выполнен только частично. (0x12B)
[1121/213453.643:ERROR:process_memory_win.cc(73)] ReadMemory at 0x2ab30f1d260 of 146 bytes failed: Запрос ReadProcessMemory или WriteProcessMemory был выполнен только частично. (0x12B)
[1121/213453.643:ERROR:process_memory_win.cc(73)] ReadMemory at 0x2ab30f1d310 of 132 bytes failed: Запрос ReadProcessMemory или WriteProcessMemory был выполнен только частично. (0x12B)
[1121/213453.643:ERROR:process_memory_win.cc(73)] ReadMemory at 0x2ab30f1d920 of 132 bytes failed: Запрос ReadProcessMemory или WriteProcessMemory был выполнен только частично. (0x12B)
[1121/213453.643:ERROR:process_memory_win.cc(73)] ReadMemory at 0x2ab30f1e620 of 132 bytes failed: Запрос ReadProcessMemory или WriteProcessMemory был выполнен только частично. (0x12B)
[1121/213453.643:ERROR:process_memory_win.cc(73)] ReadMemory at 0x2ab30f1e840 of 132 bytes failed: Запрос ReadProcessMemory или WriteProcessMemory был выполнен только частично. (0x12B)
[1121/213453.643:ERROR:process_memory_win.cc(73)] ReadMemory at 0x2ab30f1eb90 of 132 bytes failed: Запрос ReadProcessMemory или WriteProcessMemory был выполнен только частично. (0x12B)
[1121/213453.643:ERROR:process_memory_win.cc(73)] ReadMemory at 0x2ab30f1edf0 of 132 bytes failed: Запрос ReadProcessMemory или WriteProcessMemory был выполнен только частично. (0x12B)
[1121/213453.643:ERROR:process_memory_win.cc(73)] ReadMemory at 0x2ab30f1ef20 of 132 bytes failed: Запрос ReadProcessMemory или WriteProcessMemory был выполнен только частично. (0x12B)
[1121/213453.651:ERROR:process_memory_win.cc(73)] ReadMemory at 0x2ab30f1f050 of 132 bytes failed: Запрос ReadProcessMemory или WriteProcessMemory был выполнен только частично. (0x12B)
[1121/213453.651:ERROR:process_memory_win.cc(73)] ReadMemory at 0x2ab30f1f180 of 132 bytes failed: Запрос ReadProcessMemory или WriteProcessMemory был выполнен только частично. (0x12B)
[1121/213453.651:ERROR:process_memory_win.cc(73)] ReadMemory at 0x2ab30f1f2b0 of 132 bytes failed: Запрос ReadProcessMemory или WriteProcessMemory был выполнен только частично. (0x12B)
[1121/213453.651:ERROR:process_memory_win.cc(73)] ReadMemory at 0x2ab30f1f3e0 of 132 bytes failed: Запрос ReadProcessMemory или WriteProcessMemory был выполнен только частично. (0x12B)
[1121/213453.651:ERROR:process_memory_win.cc(73)] ReadMemory at 0x2ab30f1f510 of 132 bytes failed: Запрос ReadProcessMemory или WriteProcessMemory был выполнен только частично. (0x12B)
[1121/213453.651:ERROR:process_memory_win.cc(73)] ReadMemory at 0x2ab30f1f640 of 132 bytes failed: Запрос ReadProcessMemory или WriteProcessMemory был выполнен только частично. (0x12B)
[1121/213453.651:ERROR:process_memory_win.cc(73)] ReadMemory at 0x2ab30f1f770 of 132 bytes failed: Запрос ReadProcessMemory или WriteProcessMemory был выполнен только частично. (0x12B)
[1121/213453.651:ERROR:process_memory_win.cc(73)] ReadMemory at 0x2ab30f1f8a0 of 132 bytes failed: Запрос ReadProcessMemory или WriteProcessMemory был выполнен только частично. (0x12B)
[1121/213453.651:ERROR:process_memory_win.cc(73)] ReadMemory at 0x2ab30f1f9d0 of 132 bytes failed: Запрос ReadProcessMemory или WriteProcessMemory был выполнен только частично. (0x12B)
[1121/213453.651:ERROR:process_memory_win.cc(73)] ReadMemory at 0x2ab30f1fb00 of 132 bytes failed: Запрос ReadProcessMemory или WriteProcessMemory был выполнен только частично. (0x12B)
[1121/213453.676:ERROR:process_memory_win.cc(73)] ReadMemory at 0x2ab30f1fc30 of 132 bytes failed: Запрос ReadProcessMemory или WriteProcessMemory был выполнен только частично. (0x12B)
[1121/213453.676:ERROR:process_memory_win.cc(73)] ReadMemory at 0x2ab30f267a0 of 132 bytes failed: Запрос ReadProcessMemory или WriteProcessMemory был выполнен только частично. (0x12B)
[1121/213453.676:ERROR:process_memory_win.cc(73)] ReadMemory at 0x2ab30f299a0 of 132 bytes failed: Запрос ReadProcessMemory или WriteProcessMemory был выполнен только частично. (0x12B)
[1121/213453.676:ERROR:process_memory_win.cc(73)] ReadMemory at 0x2ab30f29bb0 of 132 bytes failed: Запрос ReadProcessMemory или WriteProcessMemory был выполнен только частично. (0x12B)
[1121/213453.676:ERROR:process_memory_win.cc(73)] ReadMemory at 0x2ab30f2a1a0 of 80 bytes failed: Запрос ReadProcessMemory или WriteProcessMemory был выполнен только частично. (0x12B)
[1121/213453.676:ERROR:process_memory_win.cc(73)] ReadMemory at 0x2ab30f2a800 of 80 bytes failed: Запрос ReadProcessMemory или WriteProcessMemory был выполнен только частично. (0x12B)
[1121/213453.676:ERROR:process_memory_win.cc(73)] ReadMemory at 0x2ab30f2f4e0 of 132 bytes failed: Запрос ReadProcessMemory или WriteProcessMemory был выполнен только частично. (0x12B)
[1121/213453.676:ERROR:process_memory_win.cc(73)] ReadMemory at 0x2ab30f2fc00 of 132 bytes failed: Запрос ReadProcessMemory или WriteProcessMemory был выполнен только частично. (0x12B)
[1121/213453.676:ERROR:process_memory_win.cc(73)] ReadMemory at 0x2ab30f2fe60 of 132 bytes failed: Запрос ReadProcessMemory или WriteProcessMemory был выполнен только частично. (0x12B)
[1121/213453.676:ERROR:process_memory_win.cc(73)] ReadMemory at 0x2ab30f3a880 of 60 bytes failed: Запрос ReadProcessMemory или WriteProcessMemory был выполнен только частично. (0x12B)
[1121/213453.676:ERROR:process_memory_win.cc(73)] ReadMemory at 0x2ab30f78ec0 of 768 bytes failed: Запрос ReadProcessMemory или WriteProcessMemory был выполнен только частично. (0x12B)
[1121/213453.676:ERROR:process_memory_win.cc(73)] ReadMemory at 0x2ab30f953b0 of 512 bytes failed: Запрос ReadProcessMemory или WriteProcessMemory был выполнен только частично. (0x12B)
[1121/213453.692:ERROR:process_memory_win.cc(73)] ReadMemory at 0x2ab30f9aa90 of 512 bytes failed: Запрос ReadProcessMemory или WriteProcessMemory был выполнен только частично. (0x12B)
[1121/213453.692:ERROR:process_memory_win.cc(73)] ReadMemory at 0x2ab30fa4ac0 of 512 bytes failed: Запрос ReadProcessMemory или WriteProcessMemory был выполнен только частично. (0x12B)
[1121/213453.692:ERROR:process_memory_win.cc(73)] ReadMemory at 0x2ab30fc1c30 of 512 bytes failed: Запрос ReadProcessMemory или WriteProcessMemory был выполнен только частично. (0x12B)
[1121/213453.692:ERROR:process_memory_win.cc(73)] ReadMemory at 0x2ab30fc29e0 of 512 bytes failed: Запрос ReadProcessMemory или WriteProcessMemory был выполнен только частично. (0x12B)
[1121/213453.692:ERROR:process_memory_win.cc(73)] ReadMemory at 0x2ab30fd6a80 of 512 bytes failed: Запрос ReadProcessMemory или WriteProcessMemory был выполнен только частично. (0x12B)
[1121/213453.692:ERROR:process_memory_win.cc(73)] ReadMemory at 0x2ab30fdbc30 of 712 bytes failed: Запрос ReadProcessMemory или WriteProcessMemory был выполнен только частично. (0x12B)
[1121/213453.692:ERROR:process_memory_win.cc(73)] ReadMemory at 0x2ab328311c0 of 512 bytes failed: Запрос ReadProcessMemory или WriteProcessMemory был выполнен только частично. (0x12B)
[1121/213453.692:ERROR:process_memory_win.cc(73)] ReadMemory at 0x2ab3284c5a0 of 512 bytes failed: Запрос ReadProcessMemory или WriteProcessMemory был выполнен только частично. (0x12B)
[1121/213453.692:ERROR:process_memory_win.cc(73)] ReadMemory at 0x2ab32895fc0 of 512 bytes failed: Запрос ReadProcessMemory или WriteProcessMemory был выполнен только частично. (0x12B)
[1121/213453.692:ERROR:process_memory_win.cc(73)] ReadMemory at 0x2ab332cbfb0 of 512 bytes failed: Запрос ReadProcessMemory или WriteProcessMemory был выполнен только частично. (0x12B)
[1121/213453.692:ERROR:process_memory_win.cc(73)] ReadMemory at 0x2ab33302810 of 512 bytes failed: Запрос ReadProcessMemory или WriteProcessMemory был выполнен только частично. (0x12B)
[1121/213453.692:ERROR:process_memory_win.cc(73)] ReadMemory at 0x2ab3337ec60 of 512 bytes failed: Запрос ReadProcessMemory или WriteProcessMemory был выполнен только частично. (0x12B)
[1121/213453.692:ERROR:process_memory_win.cc(73)] ReadMemory at 0x2ab333c3fa0 of 512 bytes failed: Запрос ReadProcessMemory или WriteProcessMemory был выполнен только частично. (0x12B)
[1121/213453.692:ERROR:process_memory_win.cc(73)] ReadMemory at 0x2ab33534a50 of 512 bytes failed: Запрос ReadProcessMemory или WriteProcessMemory был выполнен только частично. (0x12B)
[1121/213453.692:ERROR:process_memory_win.cc(73)] ReadMemory at 0x329200000000 of 384 bytes failed: Запрос ReadProcessMemory или WriteProcessMemory был выполнен только частично. (0x12B)
[1121/213453.692:ERROR:process_memory_win.cc(73)] ReadMemory at 0x32920000a618 of 512 bytes failed: Запрос ReadProcessMemory или WriteProcessMemory был выполнен только частично. (0x12B)
[1121/213453.692:ERROR:process_memory_win.cc(73)] ReadMemory at 0x32920a90a6ad of 512 bytes failed: Запрос ReadProcessMemory или WriteProcessMemory был выполнен только частично. (0x12B)
[1121/213453.692:ERROR:process_memory_win.cc(73)] ReadMemory at 0x5b38cb4c18c0 of 512 bytes failed: Запрос ReadProcessMemory или WriteProcessMemory был выполнен только частично. (0x12B)
[1121/213453.692:ERROR:process_memory_win.cc(73)] ReadMemory at 0x612cf10dca30 of 512 bytes failed: Запрос ReadProcessMemory или WriteProcessMemory был выполнен только частично. (0x12B)
[1121/213453.692:ERROR:process_memory_win.cc(73)] ReadMemory at 0x612cf10dd6a0 of 512 bytes failed: Запрос ReadProcessMemory или WriteProcessMemory был выполнен только частично. (0x12B)
[1121/213453.692:ERROR:process_memory_win.cc(73)] ReadMemory at 0x7ffc9d894090 of 512 bytes failed: Запрос ReadProcessMemory или WriteProcessMemory был выполнен только частично. (0x12B)
[1121/213453.692:ERROR:process_memory_win.cc(73)] ReadMemory at 0x7ffca18d5e00 of 512 bytes failed: Запрос ReadProcessMemory или WriteProcessMemory был выполнен только частично. (0x12B)
[1121/213453.692:ERROR:process_memory_win.cc(73)] ReadMemory at 0x7ffca587bfe4 of 512 bytes failed: Запрос ReadProcessMemory или WriteProcessMemory был выполнен только частично. (0x12B)
[1121/213453.692:ERROR:process_memory_win.cc(73)] ReadMemory at 0x7ffcb9a75810 of 512 bytes failed: Запрос ReadProcessMemory или WriteProcessMemory был выполнен только частично. (0x12B)
[1121/213453.692:ERROR:process_memory_win.cc(73)] ReadMemory at 0x7ffcb9a75ed7 of 512 bytes failed: Запрос ReadProcessMemory или WriteProcessMemory был выполнен только частично. (0x12B)
[1121/213453.708:ERROR:process_memory_win.cc(73)] ReadMemory at 0x7ffceb654a50 of 512 bytes failed: Запрос ReadProcessMemory или WriteProcessMemory был выполнен только частично. (0x12B)
[1121/213453.708:ERROR:process_memory_win.cc(73)] ReadMemory at 0x7ffced28bda4 of 672 bytes failed: Запрос ReadProcessMemory или WriteProcessMemory был выполнен только частично. (0x12B)
[1121/213453.708:ERROR:process_memory_win.cc(73)] ReadMemory at 0x7ffced28f714 of 608 bytes failed: Запрос ReadProcessMemory или WriteProcessMemory был выполнен только частично. (0x12B)
[1121/213453.708:ERROR:process_memory_win.cc(73)] ReadMemory at 0x7ffced3209e0 of 18 bytes failed: Запрос ReadProcessMemory или WriteProcessMemory был выполнен только частично. (0x12B)
[1121/213453.708:ERROR:process_memory_win.cc(73)] ReadMemory at 0x7ffced3554f8 of 40 bytes failed: Запрос ReadProcessMemory или WriteProcessMemory был выполнен только частично. (0x12B)
[1121/213453.708:ERROR:process_memory_win.cc(73)] ReadMemory at 0x7ffced355978 of 48 bytes failed: Запрос ReadProcessMemory или WriteProcessMemory был выполнен только частично. (0x12B)
[1121/213453.708:ERROR:process_memory_win.cc(73)] ReadMemory at 0x7ffced35b4c0 of 64 bytes failed: Запрос ReadProcessMemory или WriteProcessMemory был выполнен только частично. (0x12B)
[1121/213453.934:ERROR:scoped_process_suspend.cc(40)] NtResumeProcess: Попытка доступа к процессу, выполняющему процедуру завершения. (0xc000010a)
[1122/123422.546:ERROR:directory_reader_win.cc(43)] FindFirstFile: Системе не удается найти указанный путь. (0x3)
[1123/125809.447:ERROR:directory_reader_win.cc(43)] FindFirstFile: Системе не удается найти указанный путь. (0x3)
